c:\users\wazyen\desktop\tje_framework_2020\visualstudio\vs2015\debug\vc142.pdb
c:\users\wazyen\desktop\tje_framework_2020\visualstudio\vs2015\debug\vc142.idb
c:\users\wazyen\desktop\tje_framework_2020\visualstudio\vs2015\debug\shader.obj
c:\users\wazyen\desktop\tje_framework_2020\visualstudio\vs2015\debug\piece.obj
c:\users\wazyen\desktop\tje_framework_2020\visualstudio\vs2015\debug\rendertotexture.obj
c:\users\wazyen\desktop\tje_framework_2020\visualstudio\vs2015\debug\mesh.obj
c:\users\wazyen\desktop\tje_framework_2020\visualstudio\vs2015\debug\main.obj
c:\users\wazyen\desktop\tje_framework_2020\visualstudio\vs2015\debug\input.obj
c:\users\wazyen\desktop\tje_framework_2020\visualstudio\vs2015\debug\game.obj
c:\users\wazyen\desktop\tje_framework_2020\visualstudio\vs2015\debug\framework.obj
c:\users\wazyen\desktop\tje_framework_2020\visualstudio\vs2015\debug\fbo.obj
c:\users\wazyen\desktop\tje_framework_2020\visualstudio\vs2015\debug\textparser.obj
c:\users\wazyen\desktop\tje_framework_2020\visualstudio\vs2015\debug\picopng.obj
c:\users\wazyen\desktop\tje_framework_2020\visualstudio\vs2015\debug\sysdep.obj
c:\users\wazyen\desktop\tje_framework_2020\visualstudio\vs2015\debug\mytritri.obj
c:\users\wazyen\desktop\tje_framework_2020\visualstudio\vs2015\debug\math3d.obj
c:\users\wazyen\desktop\tje_framework_2020\visualstudio\vs2015\debug\coldet_bld.obj
c:\users\wazyen\desktop\tje_framework_2020\visualstudio\vs2015\debug\coldet.obj
c:\users\wazyen\desktop\tje_framework_2020\visualstudio\vs2015\debug\box_bld.obj
c:\users\wazyen\desktop\tje_framework_2020\visualstudio\vs2015\debug\box.obj
c:\users\wazyen\desktop\tje_framework_2020\visualstudio\vs2015\debug\camera.obj
c:\users\wazyen\desktop\tje_framework_2020\visualstudio\vs2015\debug\animation.obj
c:\users\wazyen\desktop\tje_framework_2020\visualstudio\vs2015\debug\utils.obj
c:\users\wazyen\desktop\tje_framework_2020\visualstudio\vs2015\debug\texture.obj
c:\users\wazyen\desktop\tje_framework_2020\visualstudio\vs2015\debug\tritri.obj
c:\users\wazyen\desktop\tje_framework_2020\game_debug.exe
c:\users\wazyen\desktop\tje_framework_2020\game_debug.pdb
c:\users\wazyen\desktop\tje_framework_2020\visualstudio\vs2015\..\..\game_debug.exe
c:\users\wazyen\desktop\tje_framework_2020\visualstudio\vs2015\debug\game.tlog\cl.command.1.tlog
c:\users\wazyen\desktop\tje_framework_2020\visualstudio\vs2015\debug\game.tlog\cl.read.1.tlog
c:\users\wazyen\desktop\tje_framework_2020\visualstudio\vs2015\debug\game.tlog\cl.write.1.tlog
c:\users\wazyen\desktop\tje_framework_2020\visualstudio\vs2015\debug\game.tlog\link.command.1.tlog
c:\users\wazyen\desktop\tje_framework_2020\visualstudio\vs2015\debug\game.tlog\link.read.1.tlog
c:\users\wazyen\desktop\tje_framework_2020\visualstudio\vs2015\debug\game.tlog\link.write.1.tlog
