  animation.cpp
C:\Users\wazyen\Desktop\rubik_cube\src\framework.h(374,105): warning C4244: 'return': conversión de 'double' a 'float'; posible pérdida de datos
C:\Users\wazyen\Desktop\rubik_cube\src\animation.cpp(275,12): warning C4996: 'fopen': This function or variable may be unsafe. Consider using fopen_s instead. To disable deprecation, use _CRT_SECURE_NO_WARNINGS. See online help for details.
C:\Users\wazyen\Desktop\rubik_cube\src\animation.cpp(316,6): warning C4996: 'fopen': This function or variable may be unsafe. Consider using fopen_s instead. To disable deprecation, use _CRT_SECURE_NO_WARNINGS. See online help for details.
C:\Users\wazyen\Desktop\rubik_cube\src\animation.cpp(374,12): warning C4996: 'fopen': This function or variable may be unsafe. Consider using fopen_s instead. To disable deprecation, use _CRT_SECURE_NO_WARNINGS. See online help for details.
  camera.cpp
C:\Users\wazyen\Desktop\rubik_cube\src\framework.h(374,105): warning C4244: 'return': conversión de 'double' a 'float'; posible pérdida de datos
  box.cpp
  box_bld.cpp
C:\Users\wazyen\Desktop\rubik_cube\src\extra\coldet\box_bld.cpp(134,21): warning C4018: '<': no coinciden signed/unsigned
  coldet.cpp
C:\Users\wazyen\Desktop\rubik_cube\src\extra\coldet\coldet.cpp(374,10): warning C4244: 'inicializando': conversión de 'double' a 'float'; posible pérdida de datos
  coldet_bld.cpp
  math3d.cpp
  mytritri.cpp
  sysdep.cpp
  picopng.cpp
  textparser.cpp
  fbo.cpp
C:\Users\wazyen\Desktop\rubik_cube\src\framework.h(374,105): warning C4244: 'return': conversión de 'double' a 'float'; posible pérdida de datos
C:\Users\wazyen\Desktop\rubik_cube\src\fbo.cpp(112,24): warning C4244: '=': conversión de 'float' a 'int'; posible pérdida de datos
C:\Users\wazyen\Desktop\rubik_cube\src\fbo.cpp(113,25): warning C4244: '=': conversión de 'float' a 'int'; posible pérdida de datos
C:\Users\wazyen\Desktop\rubik_cube\src\fbo.cpp(143,24): warning C4018: '<': no coinciden signed/unsigned
  framework.cpp
C:\Users\wazyen\Desktop\rubik_cube\src\framework.h(374,105): warning C4244: 'return': conversión de 'double' a 'float'; posible pérdida de datos
C:\Users\wazyen\Desktop\rubik_cube\src\framework.cpp(46,4): warning C4996: 'strncpy': This function or variable may be unsafe. Consider using strncpy_s instead. To disable deprecation, use _CRT_SECURE_NO_WARNINGS. See online help for details.
C:\Users\wazyen\Desktop\rubik_cube\src\framework.cpp(148,4): warning C4996: 'strncpy': This function or variable may be unsafe. Consider using strncpy_s instead. To disable deprecation, use _CRT_SECURE_NO_WARNINGS. See online help for details.
C:\Users\wazyen\Desktop\rubik_cube\src\framework.cpp(1201,32): warning C4244: 'argumento': conversión de 'double' a 'float'; posible pérdida de datos
  game.cpp
C:\Users\wazyen\Desktop\rubik_cube\src\framework.h(374,105): warning C4244: 'return': conversión de 'double' a 'float'; posible pérdida de datos
C:\Users\wazyen\Desktop\rubik_cube\src\game.cpp(67,20): warning C4018: '<': no coinciden signed/unsigned
C:\Users\wazyen\Desktop\rubik_cube\src\game.cpp(95,20): warning C4018: '<': no coinciden signed/unsigned
C:\Users\wazyen\Desktop\rubik_cube\src\game.cpp(118,22): warning C4018: '<': no coinciden signed/unsigned
C:\Users\wazyen\Desktop\rubik_cube\src\game.cpp(127,22): warning C4018: '<': no coinciden signed/unsigned
C:\Users\wazyen\Desktop\rubik_cube\src\game.cpp(136,22): warning C4018: '<': no coinciden signed/unsigned
C:\Users\wazyen\Desktop\rubik_cube\src\game.cpp(145,22): warning C4018: '<': no coinciden signed/unsigned
C:\Users\wazyen\Desktop\rubik_cube\src\game.cpp(154,22): warning C4018: '<': no coinciden signed/unsigned
C:\Users\wazyen\Desktop\rubik_cube\src\game.cpp(163,22): warning C4018: '<': no coinciden signed/unsigned
  input.cpp
C:\Users\wazyen\Desktop\rubik_cube\src\framework.h(374,105): warning C4244: 'return': conversión de 'double' a 'float'; posible pérdida de datos
C:\Users\wazyen\Desktop\rubik_cube\src\input.cpp(138,24): warning C4244: '=': conversión de 'float' a 'char'; posible pérdida de datos
C:\Users\wazyen\Desktop\rubik_cube\src\input.cpp(146,19): warning C4305: 'inicializando': truncamiento de 'double' a 'float'
  main.cpp
C:\Users\wazyen\Desktop\rubik_cube\src\framework.h(374,105): warning C4244: 'return': conversión de 'double' a 'float'; posible pérdida de datos
C:\Users\wazyen\Desktop\rubik_cube\src\main.cpp(118,46): warning C4244: '=': conversión de 'Sint32' a 'float'; posible pérdida de datos
C:\Users\wazyen\Desktop\rubik_cube\src\main.cpp(152,24): warning C4244: '=': conversión de 'double' a 'float'; posible pérdida de datos
  mesh.cpp
C:\Users\wazyen\Desktop\rubik_cube\src\framework.h(374,105): warning C4244: 'return': conversión de 'double' a 'float'; posible pérdida de datos
C:\Users\wazyen\Desktop\rubik_cube\src\mesh.cpp(732,6): warning C4996: 'fopen': This function or variable may be unsafe. Consider using fopen_s instead. To disable deprecation, use _CRT_SECURE_NO_WARNINGS. See online help for details.
C:\Users\wazyen\Desktop\rubik_cube\src\mesh.cpp(852,12): warning C4996: 'fopen': This function or variable may be unsafe. Consider using fopen_s instead. To disable deprecation, use _CRT_SECURE_NO_WARNINGS. See online help for details.
C:\Users\wazyen\Desktop\rubik_cube\src\mesh.cpp(1144,5): warning C4996: 'strcpy': This function or variable may be unsafe. Consider using strcpy_s instead. To disable deprecation, use _CRT_SECURE_NO_WARNINGS. See online help for details.
C:\Users\wazyen\Desktop\rubik_cube\src\mesh.cpp(1148,5): warning C4996: 'strcpy': This function or variable may be unsafe. Consider using strcpy_s instead. To disable deprecation, use _CRT_SECURE_NO_WARNINGS. See online help for details.
C:\Users\wazyen\Desktop\rubik_cube\src\mesh.cpp(1158,5): warning C4996: 'strcpy': This function or variable may be unsafe. Consider using strcpy_s instead. To disable deprecation, use _CRT_SECURE_NO_WARNINGS. See online help for details.
C:\Users\wazyen\Desktop\rubik_cube\src\mesh.cpp(1057,12): warning C4996: 'fopen': This function or variable may be unsafe. Consider using fopen_s instead. To disable deprecation, use _CRT_SECURE_NO_WARNINGS. See online help for details.
C:\Users\wazyen\Desktop\rubik_cube\src\mesh.cpp(1259,27): warning C4244: 'argumento': conversión de 'double' a 'const unsigned int'; posible pérdida de datos
C:\Users\wazyen\Desktop\rubik_cube\src\mesh.cpp(1260,23): warning C4018: '<': no coinciden signed/unsigned
C:\Users\wazyen\Desktop\rubik_cube\src\mesh.cpp(1208,12): warning C4996: 'fopen': This function or variable may be unsafe. Consider using fopen_s instead. To disable deprecation, use _CRT_SECURE_NO_WARNINGS. See online help for details.
C:\Users\wazyen\Desktop\rubik_cube\src\mesh.cpp(1396,40): warning C4244: 'argumento': conversión de 'double' a 'float'; posible pérdida de datos
C:\Users\wazyen\Desktop\rubik_cube\src\mesh.cpp(1396,25): warning C4244: 'argumento': conversión de 'double' a 'float'; posible pérdida de datos
C:\Users\wazyen\Desktop\rubik_cube\src\mesh.cpp(1398,44): warning C4244: 'argumento': conversión de 'double' a 'float'; posible pérdida de datos
C:\Users\wazyen\Desktop\rubik_cube\src\mesh.cpp(1398,31): warning C4244: 'argumento': conversión de 'double' a 'float'; posible pérdida de datos
C:\Users\wazyen\Desktop\rubik_cube\src\mesh.cpp(1399,31): warning C4244: 'argumento': conversión de 'double' a 'float'; posible pérdida de datos
C:\Users\wazyen\Desktop\rubik_cube\src\mesh.cpp(1406,44): warning C4244: 'argumento': conversión de 'double' a 'float'; posible pérdida de datos
C:\Users\wazyen\Desktop\rubik_cube\src\mesh.cpp(1406,31): warning C4244: 'argumento': conversión de 'double' a 'float'; posible pérdida de datos
C:\Users\wazyen\Desktop\rubik_cube\src\mesh.cpp(1408,43): warning C4244: 'argumento': conversión de 'double' a 'float'; posible pérdida de datos
C:\Users\wazyen\Desktop\rubik_cube\src\mesh.cpp(1421,30): warning C4244: '=': conversión de 'double' a 'float'; posible pérdida de datos
C:\Users\wazyen\Desktop\rubik_cube\src\mesh.cpp(1444,30): warning C4244: '=': conversión de 'double' a 'float'; posible pérdida de datos
C:\Users\wazyen\Desktop\rubik_cube\src\mesh.cpp(1473,21): warning C4018: '<': no coinciden signed/unsigned
C:\Users\wazyen\Desktop\rubik_cube\src\mesh.cpp(1482,21): warning C4018: '<': no coinciden signed/unsigned
  rendertotexture.cpp
C:\Users\wazyen\Desktop\rubik_cube\src\framework.h(374,105): warning C4244: 'return': conversión de 'double' a 'float'; posible pérdida de datos
  piece.cpp
C:\Users\wazyen\Desktop\rubik_cube\src\framework.h(374,105): warning C4244: 'return': conversión de 'double' a 'float'; posible pérdida de datos
C:\Users\wazyen\Desktop\rubik_cube\src\rubik\piece.cpp(16,23): warning C4305: '+=': truncamiento de 'double' a 'float'
C:\Users\wazyen\Desktop\rubik_cube\src\rubik\piece.cpp(18,23): warning C4305: '-=': truncamiento de 'double' a 'float'
C:\Users\wazyen\Desktop\rubik_cube\src\rubik\piece.cpp(21,23): warning C4305: '+=': truncamiento de 'double' a 'float'
C:\Users\wazyen\Desktop\rubik_cube\src\rubik\piece.cpp(23,23): warning C4305: '-=': truncamiento de 'double' a 'float'
C:\Users\wazyen\Desktop\rubik_cube\src\rubik\piece.cpp(26,23): warning C4305: '+=': truncamiento de 'double' a 'float'
C:\Users\wazyen\Desktop\rubik_cube\src\rubik\piece.cpp(28,23): warning C4305: '-=': truncamiento de 'double' a 'float'
C:\Users\wazyen\Desktop\rubik_cube\src\rubik\piece.cpp(38,49): warning C4305: 'argumento': truncamiento de 'double' a 'float'
C:\Users\wazyen\Desktop\rubik_cube\src\rubik\piece.cpp(38,68): warning C4305: 'argumento': truncamiento de 'double' a 'float'
C:\Users\wazyen\Desktop\rubik_cube\src\rubik\piece.cpp(38,87): warning C4305: 'argumento': truncamiento de 'double' a 'float'
C:\Users\wazyen\Desktop\rubik_cube\src\rubik\piece.cpp(38,107): warning C4305: 'argumento': truncamiento de 'double' a 'float'
C:\Users\wazyen\Desktop\rubik_cube\src\rubik\piece.cpp(38,127): warning C4305: 'argumento': truncamiento de 'double' a 'float'
C:\Users\wazyen\Desktop\rubik_cube\src\rubik\piece.cpp(38,147): warning C4305: 'argumento': truncamiento de 'double' a 'float'
  shader.cpp
C:\Users\wazyen\Desktop\rubik_cube\src\framework.h(374,105): warning C4244: 'return': conversión de 'double' a 'float'; posible pérdida de datos
C:\Users\wazyen\Desktop\rubik_cube\src\shader.cpp(177,20): warning C4018: '<': no coinciden signed/unsigned
C:\Users\wazyen\Desktop\rubik_cube\src\shader.cpp(216,20): warning C4018: '<': no coinciden signed/unsigned
  Compilando...
  texture.cpp
C:\Users\wazyen\Desktop\rubik_cube\src\framework.h(374,105): warning C4244: 'return': conversión de 'double' a 'float'; posible pérdida de datos
C:\Users\wazyen\Desktop\rubik_cube\src\texture.cpp(15,51): warning C4244: 'argumento': conversión de 'unsigned int' a 'float'; posible pérdida de datos
C:\Users\wazyen\Desktop\rubik_cube\src\texture.cpp(15,9): warning C4244: 'inicializando': conversión de 'double' a 'int'; posible pérdida de datos
C:\Users\wazyen\Desktop\rubik_cube\src\texture.cpp(16,56): warning C4244: 'argumento': conversión de 'unsigned int' a 'float'; posible pérdida de datos
C:\Users\wazyen\Desktop\rubik_cube\src\texture.cpp(16,9): warning C4244: 'inicializando': conversión de 'double' a 'int'; posible pérdida de datos
C:\Users\wazyen\Desktop\rubik_cube\src\texture.cpp(21,15): warning C4018: '<': no coinciden signed/unsigned
C:\Users\wazyen\Desktop\rubik_cube\src\texture.cpp(22,15): warning C4018: '<': no coinciden signed/unsigned
C:\Users\wazyen\Desktop\rubik_cube\src\texture.cpp(29,55): warning C4244: 'argumento': conversión de 'unsigned int' a 'float'; posible pérdida de datos
C:\Users\wazyen\Desktop\rubik_cube\src\texture.cpp(29,9): warning C4244: 'inicializando': conversión de 'double' a 'int'; posible pérdida de datos
C:\Users\wazyen\Desktop\rubik_cube\src\texture.cpp(30,57): warning C4244: 'argumento': conversión de 'unsigned int' a 'float'; posible pérdida de datos
C:\Users\wazyen\Desktop\rubik_cube\src\texture.cpp(30,9): warning C4244: 'inicializando': conversión de 'double' a 'int'; posible pérdida de datos
C:\Users\wazyen\Desktop\rubik_cube\src\texture.cpp(35,15): warning C4018: '<': no coinciden signed/unsigned
C:\Users\wazyen\Desktop\rubik_cube\src\texture.cpp(36,15): warning C4018: '<': no coinciden signed/unsigned
C:\Users\wazyen\Desktop\rubik_cube\src\texture.cpp(119,125): warning C4244: 'argumento': conversión de 'float' a 'int'; posible pérdida de datos
C:\Users\wazyen\Desktop\rubik_cube\src\texture.cpp(240,94): warning C4244: 'argumento': conversión de 'float' a 'GLsizei'; posible pérdida de datos
C:\Users\wazyen\Desktop\rubik_cube\src\texture.cpp(240,87): warning C4244: 'argumento': conversión de 'float' a 'GLsizei'; posible pérdida de datos
C:\Users\wazyen\Desktop\rubik_cube\src\texture.cpp(261,102): warning C4244: 'argumento': conversión de 'float' a 'GLsizei'; posible pérdida de datos
C:\Users\wazyen\Desktop\rubik_cube\src\texture.cpp(261,94): warning C4244: 'argumento': conversión de 'float' a 'GLsizei'; posible pérdida de datos
C:\Users\wazyen\Desktop\rubik_cube\src\texture.cpp(261,87): warning C4244: 'argumento': conversión de 'float' a 'GLsizei'; posible pérdida de datos
C:\Users\wazyen\Desktop\rubik_cube\src\texture.cpp(284,111): warning C4244: 'argumento': conversión de 'float' a 'GLsizei'; posible pérdida de datos
C:\Users\wazyen\Desktop\rubik_cube\src\texture.cpp(284,104): warning C4244: 'argumento': conversión de 'float' a 'GLsizei'; posible pérdida de datos
C:\Users\wazyen\Desktop\rubik_cube\src\texture.cpp(483,18): warning C4244: '=': conversión de 'float' a 'unsigned int'; posible pérdida de datos
C:\Users\wazyen\Desktop\rubik_cube\src\texture.cpp(484,19): warning C4244: '=': conversión de 'float' a 'unsigned int'; posible pérdida de datos
C:\Users\wazyen\Desktop\rubik_cube\src\texture.cpp(502,19): warning C4996: 'fopen': This function or variable may be unsafe. Consider using fopen_s instead. To disable deprecation, use _CRT_SECURE_NO_WARNINGS. See online help for details.
C:\Users\wazyen\Desktop\rubik_cube\src\texture.cpp(498,12): warning C4101: 'bytesPerPixel': variable local sin referencia
C:\Users\wazyen\Desktop\rubik_cube\src\texture.cpp(615,15): warning C4996: 'fopen': This function or variable may be unsafe. Consider using fopen_s instead. To disable deprecation, use _CRT_SECURE_NO_WARNINGS. See online help for details.
  utils.cpp
C:\Users\wazyen\Desktop\rubik_cube\src\framework.h(374,105): warning C4244: 'return': conversión de 'double' a 'float'; posible pérdida de datos
C:\Users\wazyen\Desktop\rubik_cube\src\utils.cpp(83,13): warning C4996: 'fopen': This function or variable may be unsafe. Consider using fopen_s instead. To disable deprecation, use _CRT_SECURE_NO_WARNINGS. See online help for details.
C:\Users\wazyen\Desktop\rubik_cube\src\utils.cpp(138,20): warning C4018: '<': no coinciden signed/unsigned
C:\Users\wazyen\Desktop\rubik_cube\src\utils.cpp(139,26): warning C4018: '<': no coinciden signed/unsigned
C:\Users\wazyen\Desktop\rubik_cube\src\utils.cpp(287,51): warning C4244: 'argumento': conversión de 'double' a 'float'; posible pérdida de datos
C:\Users\wazyen\Desktop\rubik_cube\src\utils.cpp(288,63): warning C4305: 'argumento': truncamiento de 'double' a 'float'
C:\Users\wazyen\Desktop\rubik_cube\src\utils.cpp(313,10): warning C4244: '=': conversión de 'double' a 'float'; posible pérdida de datos
C:\Users\wazyen\Desktop\rubik_cube\src\utils.cpp(323,16): warning C4244: '=': conversión de 'double' a 'float'; posible pérdida de datos
C:\Users\wazyen\Desktop\rubik_cube\src\utils.cpp(345,11): warning C4244: 'inicializando': conversión de 'double' a 'float'; posible pérdida de datos
C:\Users\wazyen\Desktop\rubik_cube\src\utils.cpp(347,17): warning C4244: 'argumento': conversión de 'float' a 'const unsigned int'; posible pérdida de datos
C:\Users\wazyen\Desktop\rubik_cube\src\utils.cpp(360,12): warning C4244: 'inicializando': conversión de 'double' a 'float'; posible pérdida de datos
C:\Users\wazyen\Desktop\rubik_cube\src\utils.cpp(369,14): warning C4018: '>=': no coinciden signed/unsigned
C:\Users\wazyen\Desktop\rubik_cube\src\utils.cpp(409,20): warning C4018: '<': no coinciden signed/unsigned
C:\Users\wazyen\Desktop\rubik_cube\src\utils.cpp(410,59): warning C4244: 'argumento': conversión de '_Ty' a 'unsigned int'; posible pérdida de datos
          with
          [
              _Ty=float
          ]
C:\Users\wazyen\Desktop\rubik_cube\src\utils.cpp(410,44): warning C4244: 'argumento': conversión de '_Ty' a 'unsigned int'; posible pérdida de datos
          with
          [
              _Ty=float
          ]
C:\Users\wazyen\Desktop\rubik_cube\src\utils.cpp(410,29): warning C4244: 'argumento': conversión de '_Ty' a 'unsigned int'; posible pérdida de datos
          with
          [
              _Ty=float
          ]
C:\Users\wazyen\Desktop\rubik_cube\src\utils.cpp(420,20): warning C4018: '<': no coinciden signed/unsigned
C:\Users\wazyen\Desktop\rubik_cube\src\utils.cpp(421,74): warning C4244: 'argumento': conversión de '_Ty' a 'uint8'; posible pérdida de datos
          with
          [
              _Ty=float
          ]
C:\Users\wazyen\Desktop\rubik_cube\src\utils.cpp(421,59): warning C4244: 'argumento': conversión de '_Ty' a 'uint8'; posible pérdida de datos
          with
          [
              _Ty=float
          ]
C:\Users\wazyen\Desktop\rubik_cube\src\utils.cpp(421,44): warning C4244: 'argumento': conversión de '_Ty' a 'uint8'; posible pérdida de datos
          with
          [
              _Ty=float
          ]
C:\Users\wazyen\Desktop\rubik_cube\src\utils.cpp(421,29): warning C4244: 'argumento': conversión de '_Ty' a 'uint8'; posible pérdida de datos
          with
          [
              _Ty=float
          ]
  tritri.c
LINK : warning LNK4098: la biblioteca predeterminada'LIBCMT' entra en conflicto con otras bibliotecas; use la biblioteca /NODEFAULTLIB:biblioteca
  Generando código
  Previous IPDB not found, fall back to full compilation.
  All 1847 functions were compiled because no usable IPDB/IOBJ from previous compilation was found.
  Generación de código finalizada
glew32s.lib(glew.obj) : warning LNK4099: no se encontró PDB 'vc120.pdb' con 'glew32s.lib(glew.obj)' o en 'C:\Users\wazyen\Desktop\rubik_cube\vc120.pdb'; se vinculará el objeto sin tener en cuenta información de depuración
  visualstudio.vcxproj -> C:\Users\wazyen\Desktop\rubik_cube\visualstudio\VS2015\..\..\game.exe
